<html>
<body>
<pre>
<h1>µVision Build Log</h1>
<h2>Project:</h2>
C:\Users\Raju\Desktop\Github\Magnetomometer\Raju Contribution\C_Code_Test\C_Code_Test\USER\STM32-DEMO.uvproj
Project File Date:  05/07/2015

<h2>Output:</h2>
Build target 'RTC-DEMO'
compiling main.c...
compiling stm32f10x_it.c...
compiling usart1.c...
compiling stm32f10x_rcc.c...
compiling stm32f10x_gpio.c...
compiling stm32f10x_usart.c...
compiling stm32f10x_bkp.c...
compiling stm32f10x_rtc.c...
compiling stm32f10x_pwr.c...
compiling misc.c...
compiling core_cm3.c...
compiling system_stm32f10x.c...
compiling adjustRollerData.c...
compiling adjustRollerData_data.c...
compiling adjustRollerData_emxutil.c...
compiling adjustRollerData_initialize.c...
compiling adjustRollerData_terminate.c...
compiling checkBox.c...
compiling checkBox_initialize.c...
compiling checkBox_terminate.c...
compiling checkLargeNoiseMetal.c...
compiling checkLargeNoiseMetal_initialize.c...
compiling checkLargeNoiseMetal_terminate.c...
compiling checkMetal.c...
compiling checkMetal_initialize.c...
compiling checkMetal_terminate.c...
compiling dataRead.c...
compiling dataRead_emxAPI.c...
compiling dataRead_emxutil.c...
compiling dataRead_initialize.c...
compiling dataRead_terminate.c...
compiling filterRollerEffect.c...
..\magnetomometer\filterRollerEffect.c(89): error:  #167: argument of type "real_T *" is incompatible with parameter of type "real_T"
      b_rand(roller_resultantAdjust);
..\magnetomometer\filterRollerEffect.c(89): error:  #165: too few arguments in function call
      b_rand(roller_resultantAdjust);
..\magnetomometer\filterRollerEffect.c: 0 warnings, 2 errors
compiling filterRollerEffect_data.c...
compiling filterRollerEffect_initialize.c...
compiling filterRollerEffect_terminate.c...
compiling find_resultant.c...
compiling find_resultant_initialize.c...
compiling find_resultant_terminate.c...
compiling findBoxspeed.c...
compiling findBoxspeed_initialize.c...
compiling findBoxspeed_terminate.c...
compiling findCV.c...
compiling findCV_initialize.c...
compiling findCV_terminate.c...
compiling rand.c...
compiling rt_nonfinite.c...
compiling rtGetInf.c...
compiling rtGetNaN.c...
"..\Output\STM32-DEMO.axf" - 2 Error(s), 0 Warning(s).
Target not created
</pre>
</body>
</html>
